#
# A fatal error has been detected by the Java Runtime Environment:
#
#  Internal Error (t:/workspace/open/src/hotspot/share/oops/generateOopMap.cpp:2162), pid=4588, tid=7748
#  fatal error: Illegal class file encountered. Try running with -Xverify:all in method main
#
# JRE version: Java(TM) SE Runtime Environment (10.0.1+10) (build 10.0.1+10)
# Java VM: Java HotSpot(TM) 64-Bit Server VM (10.0.1+10, mixed mode, tiered, compressed oops, g1 gc, windows-amd64)
# No core dump will be written. Minidumps are not enabled by default on client versions of Windows
#
# If you would like to submit a bug report, please visit:
#   http://bugreport.java.com/bugreport/crash.jsp
#

---------------  S U M M A R Y ------------

Command Line: -agentlib:jdwp=transport=dt_socket,suspend=y,address=localhost:60503 -Dfile.encoding=Cp1252 Lecture2.TemperatureChange

Host: AMD A6-7310 APU with AMD Radeon R4 Graphics    , 4 cores, 3G,  Windows 10 , 64 bit Build 17134 (10.0.17134.1)
Time: Fri Jun 15 13:25:04 2018 India Standard Time elapsed time: 2974 seconds (0d 0h 49m 34s)

---------------  T H R E A D  ---------------

Current thread (0x000001dad7610800):  VMThread "VM Thread" [stack: 0x000000726a000000,0x000000726a100000] [id=7748]

Stack: [0x000000726a000000,0x000000726a100000]
[error occurred during error reporting (printing stack bounds), id 0xe0000000]

Native frames: (J=compiled Java code, j=interpreted, Vv=VM code, C=native code)
V  [jvm.dll+0x5a0369]
V  [jvm.dll+0x6bcf81]
V  [jvm.dll+0x6be176]
V  [jvm.dll+0x6be765]
V  [jvm.dll+0x6be71b]
V  [jvm.dll+0x59fb63]
V  [jvm.dll+0x59ff68]
C  [ntdll.dll+0x9eced]
C  [ntdll.dll+0x6c86]
C  [ntdll.dll+0x9dc1e]
C  0x000001dac3960ead

VM_Operation (0x000000726a9ff7c0): GetOrSetLocal, mode: safepoint, requested by thread 0x000001dad791e800


---------------  P R O C E S S  ---------------

Threads class SMR info:
_java_thread_list=0x000001dad7912840, length=14, elements={
0x000001dabc1ab000, 0x000001dad7614800, 0x000001dad761d000, 0x000001dad7628800,
0x000001dad762f800, 0x000001dad7639000, 0x000001dad763a000, 0x000001dad7648800,
0x000001dad7669800, 0x000001dad791e800, 0x000001dad7922000, 0x000001dad7925000,
0x000001dad792f800, 0x000001dad7934000
}

Java Threads: ( => current thread )
  0x000001dabc1ab000 JavaThread "main" [_thread_blocked, id=1636, stack(0x0000007269400000,0x0000007269500000)]
  0x000001dad7614800 JavaThread "Reference Handler" daemon [_thread_blocked, id=6460, stack(0x000000726a100000,0x000000726a200000)]
  0x000001dad761d000 JavaThread "Finalizer" daemon [_thread_blocked, id=5636, stack(0x000000726a200000,0x000000726a300000)]
  0x000001dad7628800 JavaThread "Signal Dispatcher" daemon [_thread_blocked, id=6508, stack(0x000000726a300000,0x000000726a400000)]
  0x000001dad762f800 JavaThread "Attach Listener" daemon [_thread_blocked, id=3776, stack(0x000000726a400000,0x000000726a500000)]
  0x000001dad7639000 JavaThread "C2 CompilerThread0" daemon [_thread_blocked, id=3804, stack(0x000000726a500000,0x000000726a600000)]
  0x000001dad763a000 JavaThread "C2 CompilerThread1" daemon [_thread_blocked, id=1080, stack(0x000000726a600000,0x000000726a700000)]
  0x000001dad7648800 JavaThread "C1 CompilerThread2" daemon [_thread_blocked, id=2632, stack(0x000000726a700000,0x000000726a800000)]
  0x000001dad7669800 JavaThread "Sweeper thread" daemon [_thread_blocked, id=7208, stack(0x000000726a800000,0x000000726a900000)]
  0x000001dad791e800 JavaThread "JDWP Transport Listener: dt_socket" daemon [_thread_blocked, id=5160, stack(0x000000726a900000,0x000000726aa00000)] _threads_hazard_ptr=0x000001dad7912840
  0x000001dad7922000 JavaThread "JDWP Event Helper Thread" daemon [_thread_blocked, id=6568, stack(0x000000726aa00000,0x000000726ab00000)]
  0x000001dad7925000 JavaThread "JDWP Command Reader" daemon [_thread_in_native, id=7244, stack(0x000000726ab00000,0x000000726ac00000)]
  0x000001dad792f800 JavaThread "Service Thread" daemon [_thread_blocked, id=7916, stack(0x000000726ac00000,0x000000726ad00000)]
  0x000001dad7934000 JavaThread "Common-Cleaner" daemon [_thread_blocked, id=80, stack(0x000000726ad00000,0x000000726ae00000)]

Other Threads:
=>0x000001dad7610800 VMThread "VM Thread" [stack: 0x000000726a000000,0x000000726a100000] [id=7748]
  0x000001dad793d000 WatcherThread [stack: 0x000000726ae00000,0x000000726af00000] [id=4976]
  0x000001dabc1c4800 GCTaskThread "GC Thread#0" [stack: 0x0000007269500000,0x0000007269600000] [id=10060]
  0x000001dabc1c6800 GCTaskThread "GC Thread#1" [stack: 0x0000007269600000,0x0000007269700000] [id=7760]
  0x000001dabc1cb800 GCTaskThread "GC Thread#2" [stack: 0x0000007269700000,0x0000007269800000] [id=11672]
  0x000001dabc1d1000 GCTaskThread "GC Thread#3" [stack: 0x0000007269800000,0x0000007269900000] [id=4028]
  0x000001dabc207800 ConcurrentGCThread "G1 Main Marker" [stack: 0x0000007269900000,0x0000007269a00000] [id=5552]
  0x000001dabc210000 ConcurrentGCThread "G1 Conc#0" [stack: 0x0000007269a00000,0x0000007269b00000] [id=9756]
  0x000001dabc249800 ConcurrentGCThread "G1 Refine#0" [stack: 0x0000007269b00000,0x0000007269c00000] [id=1112]
  0x000001dabc24e800 ConcurrentGCThread "G1 Refine#1" [stack: 0x0000007269c00000,0x0000007269d00000] [id=4360]
  0x000001dabc24f000 ConcurrentGCThread "G1 Refine#2" [stack: 0x0000007269d00000,0x0000007269e00000] [id=5392]
  0x000001dabc252000 ConcurrentGCThread "G1 Refine#3" [stack: 0x0000007269e00000,0x0000007269f00000] [id=9600]
  0x000001dabc252800 ConcurrentGCThread "G1 Young RemSet Sampling" [stack: 0x0000007269f00000,0x000000726a000000] [id=8184]

Threads with active compile tasks:

VM state:at safepoint (normal execution)

VM Mutex/Monitor currently owned by a thread:  ([mutex/lock_event])
[0x000001dabc1a9060] Threads_lock - owner thread: 0x000001dad7610800

Heap address: 0x00000000c9200000, size: 878 MB, Compressed Oops mode: 32-bit
Narrow klass base: 0x0000000000000000, Narrow klass shift: 3
Compressed class space size: 1073741824 Address: 0x0000000100000000

Heap:
 garbage-first heap   total 57344K, used 1024K [0x00000000c9200000, 0x0000000100000000)
  region size 1024K, 2 young (2048K), 0 survivors (0K)
 Metaspace       used 3548K, capacity 4600K, committed 4864K, reserved 1056768K
  class space    used 339K, capacity 424K, committed 512K, reserved 1048576K
Heap Regions: E=young(eden), S=young(survivor), O=old, HS=humongous(starts), HC=humongous(continues), CS=collection set, F=free, A=archive, TS=gc time stamp, AC=allocation context, TAMS=top-at-mark-start (previous, next)
|   0|0x00000000c9200000, 0x00000000c9200000, 0x00000000c9300000|  0%| F|  |TS  0|AC  0|TAMS 0x00000000c9200000, 0x00000000c9200000|
|   1|0x00000000c9300000, 0x00000000c9300000, 0x00000000c9400000|  0%| F|  |TS  0|AC  0|TAMS 0x00000000c9300000, 0x00000000c9300000|
|   2|0x00000000c9400000, 0x00000000c9400000, 0x00000000c9500000|  0%| F|  |TS  0|AC  0|TAMS 0x00000000c9400000, 0x00000000c9400000|
|   3|0x00000000c9500000, 0x00000000c9500000, 0x00000000c9600000|  0%| F|  |TS  0|AC  0|TAMS 0x00000000c9500000, 0x00000000c9500000|
|   4|0x00000000c9600000, 0x00000000c9600000, 0x00000000c9700000|  0%| F|  |TS  0|AC  0|TAMS 0x00000000c9600000, 0x00000000c9600000|
|   5|0x00000000c9700000, 0x00000000c9700000, 0x00000000c9800000|  0%| F|  |TS  0|AC  0|TAMS 0x00000000c9700000, 0x00000000c9700000|
|   6|0x00000000c9800000, 0x00000000c9800000, 0x00000000c9900000|  0%| F|  |TS  0|AC  0|TAMS 0x00000000c9800000, 0x00000000c9800000|
|   7|0x00000000c9900000, 0x00000000c9900000, 0x00000000c9a00000|  0%| F|  |TS  0|AC  0|TAMS 0x00000000c9900000, 0x00000000c9900000|
|   8|0x00000000c9a00000, 0x00000000c9a00000, 0x00000000c9b00000|  0%| F|  |TS  0|AC  0|TAMS 0x00000000c9a00000, 0x00000000c9a00000|
|   9|0x00000000c9b00000, 0x00000000c9b00000, 0x00000000c9c00000|  0%| F|  |TS  0|AC  0|TAMS 0x00000000c9b00000, 0x00000000c9b00000|
|  10|0x00000000c9c00000, 0x00000000c9c00000, 0x00000000c9d00000|  0%| F|  |TS  0|AC  0|TAMS 0x00000000c9c00000, 0x00000000c9c00000|
|  11|0x00000000c9d00000, 0x00000000c9d00000, 0x00000000c9e00000|  0%| F|  |TS  0|AC  0|TAMS 0x00000000c9d00000, 0x00000000c9d00000|
|  12|0x00000000c9e00000, 0x00000000c9e00000, 0x00000000c9f00000|  0%| F|  |TS  0|AC  0|TAMS 0x00000000c9e00000, 0x00000000c9e00000|
|  13|0x00000000c9f00000, 0x00000000c9f00000, 0x00000000ca000000|  0%| F|  |TS  0|AC  0|TAMS 0x00000000c9f00000, 0x00000000c9f00000|
|  14|0x00000000ca000000, 0x00000000ca000000, 0x00000000ca100000|  0%| F|  |TS  0|AC  0|TAMS 0x00000000ca000000, 0x00000000ca000000|
|  15|0x00000000ca100000, 0x00000000ca100000, 0x00000000ca200000|  0%| F|  |TS  0|AC  0|TAMS 0x00000000ca100000, 0x00000000ca100000|
|  16|0x00000000ca200000, 0x00000000ca200000, 0x00000000ca300000|  0%| F|  |TS  0|AC  0|TAMS 0x00000000ca200000, 0x00000000ca200000|
|  17|0x00000000ca300000, 0x00000000ca300000, 0x00000000ca400000|  0%| F|  |TS  0|AC  0|TAMS 0x00000000ca300000, 0x00000000ca300000|
|  18|0x00000000ca400000, 0x00000000ca400000, 0x00000000ca500000|  0%| F|  |TS  0|AC  0|TAMS 0x00000000ca400000, 0x00000000ca400000|
|  19|0x00000000ca500000, 0x00000000ca500000, 0x00000000ca600000|  0%| F|  |TS  0|AC  0|TAMS 0x00000000ca500000, 0x00000000ca500000|
|  20|0x00000000ca600000, 0x00000000ca600000, 0x00000000ca700000|  0%| F|  |TS  0|AC  0|TAMS 0x00000000ca600000, 0x00000000ca600000|
|  21|0x00000000ca700000, 0x00000000ca700000, 0x00000000ca800000|  0%| F|  |TS  0|AC  0|TAMS 0x00000000ca700000, 0x00000000ca700000|
|  22|0x00000000ca800000, 0x00000000ca800000, 0x00000000ca900000|  0%| F|  |TS  0|AC  0|TAMS 0x00000000ca800000, 0x00000000ca800000|
|  23|0x00000000ca900000, 0x00000000ca900000, 0x00000000caa00000|  0%| F|  |TS  0|AC  0|TAMS 0x00000000ca900000, 0x00000000ca900000|
|  24|0x00000000caa00000, 0x00000000caa00000, 0x00000000cab00000|  0%| F|  |TS  0|AC  0|TAMS 0x00000000caa00000, 0x00000000caa00000|
|  25|0x00000000cab00000, 0x00000000cab00000, 0x00000000cac00000|  0%| F|  |TS  0|AC  0|TAMS 0x00000000cab00000, 0x00000000cab00000|
|  26|0x00000000cac00000, 0x00000000cac00000, 0x00000000cad00000|  0%| F|  |TS  0|AC  0|TAMS 0x00000000cac00000, 0x00000000cac00000|
|  27|0x00000000cad00000, 0x00000000cad00000, 0x00000000cae00000|  0%| F|  |TS  0|AC  0|TAMS 0x00000000cad00000, 0x00000000cad00000|
|  28|0x00000000cae00000, 0x00000000cae00000, 0x00000000caf00000|  0%| F|  |TS  0|AC  0|TAMS 0x00000000cae00000, 0x00000000cae00000|
|  29|0x00000000caf00000, 0x00000000caf00000, 0x00000000cb000000|  0%| F|  |TS  0|AC  0|TAMS 0x00000000caf00000, 0x00000000caf00000|
|  30|0x00000000cb000000, 0x00000000cb000000, 0x00000000cb100000|  0%| F|  |TS  0|AC  0|TAMS 0x00000000cb000000, 0x00000000cb000000|
|  31|0x00000000cb100000, 0x00000000cb100000, 0x00000000cb200000|  0%| F|  |TS  0|AC  0|TAMS 0x00000000cb100000, 0x00000000cb100000|
|  32|0x00000000cb200000, 0x00000000cb200000, 0x00000000cb300000|  0%| F|  |TS  0|AC  0|TAMS 0x00000000cb200000, 0x00000000cb200000|
|  33|0x00000000cb300000, 0x00000000cb300000, 0x00000000cb400000|  0%| F|  |TS  0|AC  0|TAMS 0x00000000cb300000, 0x00000000cb300000|
|  34|0x00000000cb400000, 0x00000000cb400000, 0x00000000cb500000|  0%| F|  |TS  0|AC  0|TAMS 0x00000000cb400000, 0x00000000cb400000|
|  35|0x00000000cb500000, 0x00000000cb500000, 0x00000000cb600000|  0%| F|  |TS  0|AC  0|TAMS 0x00000000cb500000, 0x00000000cb500000|
|  36|0x00000000cb600000, 0x00000000cb600000, 0x00000000cb700000|  0%| F|  |TS  0|AC  0|TAMS 0x00000000cb600000, 0x00000000cb600000|
|  37|0x00000000cb700000, 0x00000000cb700000, 0x00000000cb800000|  0%| F|  |TS  0|AC  0|TAMS 0x00000000cb700000, 0x00000000cb700000|
|  38|0x00000000cb800000, 0x00000000cb800000, 0x00000000cb900000|  0%| F|  |TS  0|AC  0|TAMS 0x00000000cb800000, 0x00000000cb800000|
|  39|0x00000000cb900000, 0x00000000cb900000, 0x00000000cba00000|  0%| F|  |TS  0|AC  0|TAMS 0x00000000cb900000, 0x00000000cb900000|
|  40|0x00000000cba00000, 0x00000000cba00000, 0x00000000cbb00000|  0%| F|  |TS  0|AC  0|TAMS 0x00000000cba00000, 0x00000000cba00000|
|  41|0x00000000cbb00000, 0x00000000cbb00000, 0x00000000cbc00000|  0%| F|  |TS  0|AC  0|TAMS 0x00000000cbb00000, 0x00000000cbb00000|
|  42|0x00000000cbc00000, 0x00000000cbc00000, 0x00000000cbd00000|  0%| F|  |TS  0|AC  0|TAMS 0x00000000cbc00000, 0x00000000cbc00000|
|  43|0x00000000cbd00000, 0x00000000cbd00000, 0x00000000cbe00000|  0%| F|  |TS  0|AC  0|TAMS 0x00000000cbd00000, 0x00000000cbd00000|
|  44|0x00000000cbe00000, 0x00000000cbe00000, 0x00000000cbf00000|  0%| F|  |TS  0|AC  0|TAMS 0x00000000cbe00000, 0x00000000cbe00000|
|  45|0x00000000cbf00000, 0x00000000cbf00000, 0x00000000cc000000|  0%| F|  |TS  0|AC  0|TAMS 0x00000000cbf00000, 0x00000000cbf00000|
|  46|0x00000000cc000000, 0x00000000cc000000, 0x00000000cc100000|  0%| F|  |TS  0|AC  0|TAMS 0x00000000cc000000, 0x00000000cc000000|
|  47|0x00000000cc100000, 0x00000000cc100000, 0x00000000cc200000|  0%| F|  |TS  0|AC  0|TAMS 0x00000000cc100000, 0x00000000cc100000|
|  48|0x00000000cc200000, 0x00000000cc200000, 0x00000000cc300000|  0%| F|  |TS  0|AC  0|TAMS 0x00000000cc200000, 0x00000000cc200000|
|  49|0x00000000cc300000, 0x00000000cc300000, 0x00000000cc400000|  0%| F|  |TS  0|AC  0|TAMS 0x00000000cc300000, 0x00000000cc300000|
|  50|0x00000000cc400000, 0x00000000cc400000, 0x00000000cc500000|  0%| F|  |TS  0|AC  0|TAMS 0x00000000cc400000, 0x00000000cc400000|
|  51|0x00000000cc500000, 0x00000000cc500000, 0x00000000cc600000|  0%| F|  |TS  0|AC  0|TAMS 0x00000000cc500000, 0x00000000cc500000|
|  52|0x00000000cc600000, 0x00000000cc600000, 0x00000000cc700000|  0%| F|  |TS  0|AC  0|TAMS 0x00000000cc600000, 0x00000000cc600000|
|  53|0x00000000cc700000, 0x00000000cc700000, 0x00000000cc800000|  0%| F|  |TS  0|AC  0|TAMS 0x00000000cc700000, 0x00000000cc700000|
|  54|0x00000000cc800000, 0x00000000cc88fe28, 0x00000000cc900000| 56%| E|  |TS  0|AC  0|TAMS 0x00000000cc800000, 0x00000000cc800000|
|  55|0x00000000cc900000, 0x00000000cca00000, 0x00000000cca00000|100%| E|CS|TS  0|AC  0|TAMS 0x00000000cc900000, 0x00000000cc900000|

Card table byte_map: [0x000001dad2960000,0x000001dad2b20000] byte_map_base: 0x000001dad2317000

Marking Bits (Prev, Next): (CMBitMap*) 0x000001dabc205f70, (CMBitMap*) 0x000001dabc205fa8
 Prev Bits: [0x000001dad2ce0000, 0x000001dad3a98000)
 Next Bits: [0x000001dad3aa0000, 0x000001dad4858000)

Polling page: 0x000001daba060000

CodeHeap 'non-profiled nmethods': size=120064Kb used=28Kb max_used=28Kb free=120035Kb
 bounds [0x000001dacb420000, 0x000001dacb690000, 0x000001dad2960000]
CodeHeap 'profiled nmethods': size=120000Kb used=149Kb max_used=149Kb free=119850Kb
 bounds [0x000001dac3ef0000, 0x000001dac4160000, 0x000001dacb420000]
CodeHeap 'non-nmethods': size=5696Kb used=1065Kb max_used=1075Kb free=4630Kb
 bounds [0x000001dac3960000, 0x000001dac3bd0000, 0x000001dac3ef0000]
 total_blobs=401 nmethods=108 adapters=154
 compilation: enabled

Compilation events (10 events):
Event: 0.524 Thread 0x000001dad7648800  105       3       java.lang.AbstractStringBuilder::append (77 bytes)
Event: 0.525 Thread 0x000001dad7648800 nmethod 105 0x000001dac3f13990 code [0x000001dac3f13bc0, 0x000001dac3f142b0]
Event: 0.526 Thread 0x000001dad763a000  106       4       java.lang.String::isLatin1 (19 bytes)
Event: 0.527 Thread 0x000001dad763a000 nmethod 106 0x000001dacb427010 code [0x000001dacb4271a0, 0x000001dacb427218]
Event: 0.530 Thread 0x000001dad7648800  107       3       java.lang.String::indexOf (29 bytes)
Event: 0.531 Thread 0x000001dad7648800 nmethod 107 0x000001dac3f14510 code [0x000001dac3f146e0, 0x000001dac3f149e0]
Event: 0.531 Thread 0x000001dad7648800  108       3       java.lang.String::indexOf (7 bytes)
Event: 0.531 Thread 0x000001dad7648800 nmethod 108 0x000001dac3f14b10 code [0x000001dac3f14d00, 0x000001dac3f15080]
Event: 0.534 Thread 0x000001dad7648800  109       3       sun.nio.fs.WindowsPathParser::isSlash (18 bytes)
Event: 0.535 Thread 0x000001dad7648800 nmethod 109 0x000001dac3f15190 code [0x000001dac3f15340, 0x000001dac3f15518]

GC Heap History (0 events):
No events

Deoptimization events (1 events):
Event: 0.464 Thread 0x000001dabc1ab000 Uncommon trap: reason=unstable_if action=reinterpret pc=0x000001dacb4237a0 method=java.lang.String.hashCode()I @ 14 c2

Classes redefined (10 events):
Event: 796.969 Thread 0x000001dad7610800 redefined class name=Lecture2.TemperatureChange, count=10
Event: 819.357 Thread 0x000001dad7610800 redefined class name=Lecture2.TemperatureChange, count=11
Event: 997.763 Thread 0x000001dad7610800 redefined class name=Lecture2.TemperatureChange, count=12
Event: 1079.661 Thread 0x000001dad7610800 redefined class name=Lecture2.TemperatureChange, count=13
Event: 1170.791 Thread 0x000001dad7610800 redefined class name=Lecture2.TemperatureChange, count=14
Event: 1189.721 Thread 0x000001dad7610800 redefined class name=Lecture2.TemperatureChange, count=15
Event: 1198.764 Thread 0x000001dad7610800 redefined class name=Lecture2.TemperatureChange, count=16
Event: 1273.068 Thread 0x000001dad7610800 redefined class name=Lecture2.TemperatureChange, count=17
Event: 1289.777 Thread 0x000001dad7610800 redefined class name=Lecture2.TemperatureChange, count=18
Event: 1627.970 Thread 0x000001dad7610800 redefined class name=Lecture2.TemperatureChange, count=19

Internal exceptions (0 events):
No events

Events (10 events):
Event: 2971.011 Executing VM operation: GetCurrentContendedMonitor done
Event: 2971.011 Executing VM operation: GetOwnedMonitorInfo
Event: 2971.011 Executing VM operation: GetOwnedMonitorInfo done
Event: 2973.198 Executing VM operation: GetFrameCount
Event: 2973.198 Executing VM operation: GetFrameCount done
Event: 2973.198 Executing VM operation: GetOwnedMonitorInfo
Event: 2973.199 Executing VM operation: GetOwnedMonitorInfo done
Event: 2973.200 Executing VM operation: GetCurrentContendedMonitor
Event: 2973.200 Executing VM operation: GetCurrentContendedMonitor done
Event: 2974.067 Executing VM operation: GetOrSetLocal


Dynamic libraries:
0x00007ff65eb30000 - 0x00007ff65eb6e000 	C:\Program Files\Java\jre-10.0.1\bin\javaw.exe
0x00007ff83ef40000 - 0x00007ff83f121000 	C:\WINDOWS\SYSTEM32\ntdll.dll
0x00007ff83e050000 - 0x00007ff83e102000 	C:\WINDOWS\System32\KERNEL32.DLL
0x00007ff83c150000 - 0x00007ff83c3c3000 	C:\WINDOWS\System32\KERNELBASE.dll
0x00007ff83e760000 - 0x00007ff83e801000 	C:\WINDOWS\System32\ADVAPI32.dll
0x00007ff83eaa0000 - 0x00007ff83eb3e000 	C:\WINDOWS\System32\msvcrt.dll
0x00007ff83e700000 - 0x00007ff83e75b000 	C:\WINDOWS\System32\sechost.dll
0x00007ff83c4e0000 - 0x00007ff83c604000 	C:\WINDOWS\System32\RPCRT4.dll
0x00007ff83c870000 - 0x00007ff83ca00000 	C:\WINDOWS\System32\USER32.dll
0x00007ff83b580000 - 0x00007ff83b5a0000 	C:\WINDOWS\System32\win32u.dll
0x00007ff83c3d0000 - 0x00007ff83c3f8000 	C:\WINDOWS\System32\GDI32.dll
0x00007ff83bfb0000 - 0x00007ff83c142000 	C:\WINDOWS\System32\gdi32full.dll
0x00007ff83be10000 - 0x00007ff83beaf000 	C:\WINDOWS\System32\msvcp_win.dll
0x00007ff83bd10000 - 0x00007ff83be0a000 	C:\WINDOWS\System32\ucrtbase.dll
0x00007ff82fda0000 - 0x00007ff830009000 	C:\WINDOWS\WinSxS\amd64_microsoft.windows.common-controls_6595b64144ccf1df_6.0.17134.112_none_fb3f961b30681c12\COMCTL32.dll
0x00007ff835c00000 - 0x00007ff835c0a000 	C:\WINDOWS\SYSTEM32\VERSION.dll
0x00007ff83ebe0000 - 0x00007ff83ef03000 	C:\WINDOWS\System32\combase.dll
0x00007ff83b310000 - 0x00007ff83b38a000 	C:\WINDOWS\System32\bcryptPrimitives.dll
0x00007ff83ea70000 - 0x00007ff83ea9d000 	C:\WINDOWS\System32\IMM32.DLL
0x00007ff820920000 - 0x00007ff820a0f000 	C:\Program Files\Java\jre-10.0.1\bin\msvcr120.dll
0x00007ff81f570000 - 0x00007ff81f616000 	C:\Program Files\Java\jre-10.0.1\bin\msvcp120.dll
0x000000006ce40000 - 0x000000006d8b0000 	C:\Program Files\Java\jre-10.0.1\bin\server\jvm.dll
0x00007ff83c610000 - 0x00007ff83c618000 	C:\WINDOWS\System32\PSAPI.DLL
0x00007ff8380f0000 - 0x00007ff838113000 	C:\WINDOWS\SYSTEM32\WINMM.dll
0x00007ff837840000 - 0x00007ff837849000 	C:\WINDOWS\SYSTEM32\WSOCK32.dll
0x00007ff83ca00000 - 0x00007ff83ca6c000 	C:\WINDOWS\System32\WS2_32.dll
0x00007ff8380c0000 - 0x00007ff8380ea000 	C:\WINDOWS\SYSTEM32\WINMMBASE.dll
0x00007ff83beb0000 - 0x00007ff83bef9000 	C:\WINDOWS\System32\cfgmgr32.dll
0x00007ff837830000 - 0x00007ff83783f000 	C:\Program Files\Java\jre-10.0.1\bin\verify.dll
0x00007ff828930000 - 0x00007ff828af9000 	C:\WINDOWS\SYSTEM32\DBGHELP.DLL
0x00007ff830e10000 - 0x00007ff830e39000 	C:\WINDOWS\SYSTEM32\dbgcore.DLL
0x00007ff82f690000 - 0x00007ff82f6b7000 	C:\Program Files\Java\jre-10.0.1\bin\java.dll
0x00007ff824da0000 - 0x00007ff824dd6000 	C:\Program Files\Java\jre-10.0.1\bin\jdwp.dll
0x00007ff82e5e0000 - 0x00007ff82e5f6000 	C:\Program Files\Java\jre-10.0.1\bin\zip.dll
0x00007ff837820000 - 0x00007ff83782a000 	C:\Program Files\Java\jre-10.0.1\bin\jimage.dll
0x00007ff83ca70000 - 0x00007ff83deb0000 	C:\WINDOWS\System32\SHELL32.dll
0x00007ff83e110000 - 0x00007ff83e1b9000 	C:\WINDOWS\System32\shcore.dll
0x00007ff83b600000 - 0x00007ff83bd0d000 	C:\WINDOWS\System32\windows.storage.dll
0x00007ff83c630000 - 0x00007ff83c681000 	C:\WINDOWS\System32\shlwapi.dll
0x00007ff83b2d0000 - 0x00007ff83b2e1000 	C:\WINDOWS\System32\kernel.appcore.dll
0x00007ff83b2f0000 - 0x00007ff83b30f000 	C:\WINDOWS\System32\profapi.dll
0x00007ff83b270000 - 0x00007ff83b2bc000 	C:\WINDOWS\System32\powrprof.dll
0x00007ff83b2c0000 - 0x00007ff83b2ca000 	C:\WINDOWS\System32\FLTLIB.DLL
0x00007ff838130000 - 0x00007ff83813a000 	C:\Program Files\Java\jre-10.0.1\bin\dt_socket.dll
0x00007ff83aad0000 - 0x00007ff83ab36000 	C:\WINDOWS\System32\mswsock.dll
0x00007ff83a890000 - 0x00007ff83a94e000 	C:\WINDOWS\SYSTEM32\DNSAPI.dll
0x00007ff83c400000 - 0x00007ff83c408000 	C:\WINDOWS\System32\NSI.dll
0x00007ff83a850000 - 0x00007ff83a888000 	C:\WINDOWS\SYSTEM32\IPHLPAPI.DLL
0x00007ff830470000 - 0x00007ff8304e2000 	C:\WINDOWS\System32\fwpuclnt.dll
0x00007ff83adb0000 - 0x00007ff83add5000 	C:\WINDOWS\SYSTEM32\bcrypt.dll
0x00007ff82e4c0000 - 0x00007ff82e4ca000 	C:\Windows\System32\rasadhlp.dll

dbghelp: loaded successfully - version: 4.0.5 - missing functions: none
symbol engine: initialized successfully - sym options: 0x614 - pdb path: .;C:\Program Files\Java\jre-10.0.1\bin;C:\WINDOWS\SYSTEM32;C:\WINDOWS\WinSxS\amd64_microsoft.windows.common-controls_6595b64144ccf1df_6.0.17134.112_none_fb3f961b30681c12;C:\Program Files\Java\jre-10.0.1\bin\server

VM Arguments:
jvm_args: -agentlib:jdwp=transport=dt_socket,suspend=y,address=localhost:60503 -Dfile.encoding=Cp1252 
java_command: Lecture2.TemperatureChange
java_class_path (initial): C:\Users\DELL\eclipse-workspace\cruxweekend 13june 2018\bin
Launcher Type: SUN_STANDARD

Logging:
Log output configuration:
#0: stdout all=warning uptime,level,tags
#1: stderr all=off uptime,level,tags

Environment Variables:
PATH=C:\Program Files (x86)\Common Files\Oracle\Java\javapath;C:\WINDOWS\system32;C:\WINDOWS;C:\WINDOWS\System32\Wbem;C:\WINDOWS\System32\WindowsPowerShell\v1.0\;C:\WINDOWS\System32\OpenSSH\;C:\Program Files\Java\jdk-10.0.1\bin\;C:\Program Files\Java\jre-10.0.1\bin\;C:\Users\DELL\AppData\Local\Microsoft\WindowsApps;
USERNAME=DELL
OS=Windows_NT
PROCESSOR_IDENTIFIER=AMD64 Family 22 Model 48 Stepping 1, AuthenticAMD



---------------  S Y S T E M  ---------------

OS: Windows 10 , 64 bit Build 17134 (10.0.17134.1)

CPU:total 4 (initial active 4) (4 cores per cpu, 1 threads per core) family 22 model 48 stepping 1, cmov, cx8, fxsr, mmx, sse, sse2, sse3, ssse3, sse4.1, sse4.2, popcnt, avx, aes, clmul, mmxext, 3dnowpref, lzcnt, sse4a, tsc, tscinvbit, tscinv, bmi1

Memory: 4k page, physical 3594484k(1316120k free), swap 6305220k(2821000k free)

vm_info: Java HotSpot(TM) 64-Bit Server VM (10.0.1+10) for windows-amd64 JRE (10.0.1+10), built on Mar 27 2018 02:27:48 by "mach5one" with MS VC++ 12.0 (VS2013)

END.
